<testsuites name="jest tests" tests="8" failures="0" time="1.239">
  <testsuite name="Smoke tests" errors="0" failures="0" skipped="0" timestamp="2018-06-20T16:48:56" time="0.35" tests="8">
    <testcase classname="Smoke tests renders delayed" name="Smoke tests renders delayed" time="0.012">
    </testcase>
    <testcase classname="Smoke tests renders placeholder" name="Smoke tests renders placeholder" time="0.003">
    </testcase>
    <testcase classname="Server-side rendering skips rendering" name="Server-side rendering skips rendering" time="0.002">
    </testcase>
    <testcase classname="Server-side rendering renders just placeholder" name="Server-side rendering renders just placeholder" time="0.002">
    </testcase>
    <testcase classname="Children are mounted on Render" name="Children are mounted on Render" time="0.053">
    </testcase>
    <testcase classname="Children are not mounted immediately" name="Children are not mounted immediately" time="0.001">
    </testcase>
    <testcase classname="Children are replaced with placeholder before idle" name="Children are replaced with placeholder before idle" time="0.001">
    </testcase>
    <testcase classname="Children will not render in SSR" name="Children will not render in SSR" time="0.002">
    </testcase>
  </testsuite>
</testsuites>